<?xml version="1.0" encoding="UTF-8"?>
<testng-results ignored="0" total="1" passed="1" failed="0" skipped="0">
  <reporter-output>
  </reporter-output>
  <suite started-at="2023-03-03T06:37:39 UTC" name="Surefire suite" finished-at="2023-03-03T06:37:39 UTC" duration-ms="435">
    <groups>
    </groups>
    <test started-at="2023-03-03T06:37:39 UTC" name="Surefire test" finished-at="2023-03-03T06:37:39 UTC" duration-ms="435">
      <class name="com.niranjan.AppTest">
        <test-method signature="shouldAnswerWithTrue()" started-at="2023-03-03T06:37:39 UTC" name="shouldAnswerWithTrue" finished-at="2023-03-03T06:37:39 UTC" duration-ms="4" status="PASS">
          <reporter-output>
          </reporter-output>
        </test-method> <!-- shouldAnswerWithTrue -->
      </class> <!-- com.niranjan.AppTest -->
    </test> <!-- Surefire test -->
  </suite> <!-- Surefire suite -->
</testng-results>
